0 info it worked if it ends with ok
1 verbose cli [ '/usr/bin/node',
1 verbose cli   '/usr/bin/npm',
1 verbose cli   'install',
1 verbose cli   'angular-toggle-switch' ]
2 info using npm@1.4.14
3 info using node@v0.10.29
4 verbose node symlink /usr/bin/node
5 verbose readDependencies using package.json deps
6 verbose cache add [ 'angular-toggle-switch', null ]
7 verbose cache add name=undefined spec="angular-toggle-switch" args=["angular-toggle-switch",null]
8 verbose parsed url { protocol: null,
8 verbose parsed url   slashes: null,
8 verbose parsed url   auth: null,
8 verbose parsed url   host: null,
8 verbose parsed url   port: null,
8 verbose parsed url   hostname: null,
8 verbose parsed url   hash: null,
8 verbose parsed url   search: null,
8 verbose parsed url   query: null,
8 verbose parsed url   pathname: 'angular-toggle-switch',
8 verbose parsed url   path: 'angular-toggle-switch',
8 verbose parsed url   href: 'angular-toggle-switch' }
9 silly lockFile c958fc32-angular-toggle-switch angular-toggle-switch
10 verbose lock angular-toggle-switch /home/chris/.npm/c958fc32-angular-toggle-switch.lock
11 silly lockFile c958fc32-angular-toggle-switch angular-toggle-switch
12 silly lockFile c958fc32-angular-toggle-switch angular-toggle-switch
13 verbose addNamed [ 'angular-toggle-switch', '' ]
14 verbose addNamed [ null, '*' ]
15 silly lockFile e33c6d3d-angular-toggle-switch angular-toggle-switch@
16 verbose lock angular-toggle-switch@ /home/chris/.npm/e33c6d3d-angular-toggle-switch.lock
17 silly addNameRange { name: 'angular-toggle-switch', range: '*', hasData: false }
18 verbose url raw angular-toggle-switch
19 verbose url resolving [ 'https://registry.npmjs.org/', './angular-toggle-switch' ]
20 verbose url resolved https://registry.npmjs.org/angular-toggle-switch
21 info trying registry request attempt 1 at 12:19:53
22 http GET https://registry.npmjs.org/angular-toggle-switch
23 http 404 https://registry.npmjs.org/angular-toggle-switch
24 verbose headers { date: 'Fri, 05 Sep 2014 10:19:54 GMT',
24 verbose headers   server: 'CouchDB/1.5.0 (Erlang OTP/R16B03)',
24 verbose headers   'content-type': 'application/json',
24 verbose headers   'cache-control': 'max-age=0',
24 verbose headers   'content-length': '52',
24 verbose headers   'accept-ranges': 'bytes',
24 verbose headers   via: '1.1 varnish',
24 verbose headers   age: '0',
24 verbose headers   'x-served-by': 'cache-fra1233-FRA',
24 verbose headers   'x-cache': 'MISS',
24 verbose headers   'x-cache-hits': '0',
24 verbose headers   'x-timer': 'S1409912393.749590,VS0,VE698',
24 verbose headers   'keep-alive': 'timeout=10, max=50',
24 verbose headers   connection: 'Keep-Alive' }
25 silly registry.get cb [ 404,
25 silly registry.get   { date: 'Fri, 05 Sep 2014 10:19:54 GMT',
25 silly registry.get     server: 'CouchDB/1.5.0 (Erlang OTP/R16B03)',
25 silly registry.get     'content-type': 'application/json',
25 silly registry.get     'cache-control': 'max-age=0',
25 silly registry.get     'content-length': '52',
25 silly registry.get     'accept-ranges': 'bytes',
25 silly registry.get     via: '1.1 varnish',
25 silly registry.get     age: '0',
25 silly registry.get     'x-served-by': 'cache-fra1233-FRA',
25 silly registry.get     'x-cache': 'MISS',
25 silly registry.get     'x-cache-hits': '0',
25 silly registry.get     'x-timer': 'S1409912393.749590,VS0,VE698',
25 silly registry.get     'keep-alive': 'timeout=10, max=50',
25 silly registry.get     connection: 'Keep-Alive' } ]
26 silly lockFile e33c6d3d-angular-toggle-switch angular-toggle-switch@
27 silly lockFile e33c6d3d-angular-toggle-switch angular-toggle-switch@
28 error 404 404 Not Found: angular-toggle-switch
28 error 404
28 error 404 'angular-toggle-switch' is not in the npm registry.
28 error 404 You should bug the author to publish it
28 error 404 It was specified as a dependency of 'application-name'
28 error 404
28 error 404 Note that you can also install from a
28 error 404 tarball, folder, or http url, or git url.
29 error System Linux 3.11.0-24-generic
30 error command "/usr/bin/node" "/usr/bin/npm" "install" "angular-toggle-switch"
31 error cwd /home/chris/git/angular-express-seed
32 error node -v v0.10.29
33 error npm -v 1.4.14
34 error code E404
35 verbose exit [ 1, true ]
